				EXPRESSION CONVERSION



 1. Perform infix to prefix conversion.
 2. Perform infix to postfix conversion.
 3. Perform evaluation of postfix expression.
 4. Exit

 Your choice: 1
 Enter infix string : 1 + 2 * 9 / 3 ^ 2
 Prefix : + 1 / * 2 9 ^ 3 2

 Press 1 to re-run program and 0 to exit...



				EXPRESSION CONVERSION



 1. Perform infix to prefix conversion.
 2. Perform infix to postfix conversion.
 3. Perform evaluation of postfix expression.
 4. Exit

 Your choice: 2
 Enter infix string : 1 + 2 * 9 / 3 ^ 2
 Postfix : 1 2 9 * 3 2 ^ / +

 Press 1 to re-run program and 0 to exit...


				EXPRESSION CONVERSION



 1. Perform infix to prefix conversion.
 2. Perform infix to postfix conversion.
 3. Perform evaluation of postfix expression.
 4. Exit

 Your choice: 3
 Enter postfix string : 1 2 9 * 3 2 ^ / +
 Answer : 3

 Press 1 to re-run program and 0 to exit...


